<?xml version="1.0" encoding="utf-8" standalone="no"?>
<!--This file represents the results of running a test suite-->
<test-results name="D:\claudiu\Logistica\Services\Users\UsersImplementation\UsersImplementationUnitTesting\bin\Debug\UsersImplementationUnitTesting.dll" total="1" errors="0" failures="0" not-run="0" inconclusive="0" ignored="0" skipped="0" invalid="0" date="2015-04-17" time="14:02:59">
  <environment nunit-version="2.6.4.14350" clr-version="2.0.50727.8009" os-version="Microsoft Windows NT 6.2.9200.0" platform="Win32NT" cwd="c:\Program Files (x86)\NUnit 2.6.4\bin" machine-name="SF26" user="Claudiu" user-domain="RONET1" />
  <culture-info current-culture="en-US" current-uiculture="en-US" />
  <test-suite type="Assembly" name="D:\claudiu\Logistica\Services\Users\UsersImplementation\UsersImplementationUnitTesting\bin\Debug\UsersImplementationUnitTesting.dll" executed="True" result="Success" success="True" time="6.385" asserts="0">
    <results>
      <test-suite type="Namespace" name="UsersImplementationUnitTesting" executed="True" result="Success" success="True" time="6.366" asserts="0">
        <results>
          <test-suite type="TestFixture" name="Class1" executed="True" result="Success" success="True" time="6.363" asserts="0">
            <results>
              <test-case name="UsersImplementationUnitTesting.Class1.TryResetPassword" executed="True" result="Success" success="True" time="6.350" asserts="0" />
            </results>
          </test-suite>
        </results>
      </test-suite>
    </results>
  </test-suite>
</test-results>